# JRE version: Java(TM) SE Runtime Environment (21.0.1+12) (build 21.0.1+12-LTS-29)
# Java VM: Java HotSpot(TM) 64-Bit Server VM (21.0.1+12-LTS-29, mixed mode, emulated-client, sharing, tiered, compressed oops, compressed class ptrs, g1 gc, windows-amd64)
GC Precious Log:
 CardTable entry size: 512
 Card Set container configuration: InlinePtr #cards 4 size 8 Array Of Cards #cards 16 size 48 Howl #buckets 8 coarsen threshold 3686 Howl Bitmap #cards 512 size 80 coarsen threshold 460 Card regions per heap region 1 cards per card region 4096
 CPUs: 8 total, 8 available
 Memory: 16057M
 Large Page Support: Disabled
 NUMA Support: Disabled
 Compressed Oops: Enabled (Zero based)
 Heap Region Size: 2M
 Heap Min Capacity: 8M
 Heap Initial Capacity: 252M
 Heap Max Capacity: 4016M
 Pre-touch: Disabled
 Parallel Workers: 8
 Concurrent Workers: 2
 Concurrent Refinement Workers: 8
 Periodic GC: Disabled
Heap:
 garbage-first heap   total 110592K, used 45688K [0x0000000705000000, 0x0000000800000000)
  region size 2048K, 10 young (20480K), 3 survivors (6144K)
 Metaspace       used 75090K, committed 75904K, reserved 1114112K
  class space    used 10446K, committed 10880K, reserved 1048576K
GC Heap History (20 events):
Event: 6.089 GC heap before
{Heap before GC invocations=19 (full 0):
 garbage-first heap   total 102400K, used 82776K [0x0000000705000000, 0x0000000800000000)
  region size 2048K, 30 young (61440K), 3 survivors (6144K)
 Metaspace       used 68798K, committed 69504K, reserved 1114112K
  class space    used 9648K, committed 9984K, reserved 1048576K
}
Event: 6.095 GC heap after
{Heap after GC invocations=20 (full 0):
 garbage-first heap   total 102400K, used 32514K [0x0000000705000000, 0x0000000800000000)
  region size 2048K, 4 young (8192K), 4 survivors (8192K)
 Metaspace       used 68798K, committed 69504K, reserved 1114112K
  class space    used 9648K, committed 9984K, reserved 1048576K
}
Event: 15.055 GC heap before
{Heap before GC invocations=20 (full 0):
 garbage-first heap   total 102400K, used 83714K [0x0000000705000000, 0x0000000800000000)
  region size 2048K, 30 young (61440K), 4 survivors (8192K)
 Metaspace       used 73224K, committed 73984K, reserved 1114112K
  class space    used 10272K, committed 10624K, reserved 1048576K
}
Event: 15.077 GC heap after
{Heap after GC invocations=21 (full 0):
 garbage-first heap   total 122880K, used 34467K [0x0000000705000000, 0x0000000800000000)
  region size 2048K, 3 young (6144K), 3 survivors (6144K)
 Metaspace       used 73224K, committed 73984K, reserved 1114112K
  class space    used 10272K, committed 10624K, reserved 1048576K
}
Event: 78.719 GC heap before
{Heap before GC invocations=21 (full 0):
 garbage-first heap   total 122880K, used 50851K [0x0000000705000000, 0x0000000800000000)
  region size 2048K, 12 young (24576K), 3 survivors (6144K)
 Metaspace       used 74488K, committed 75328K, reserved 1114112K
  class space    used 10453K, committed 10880K, reserved 1048576K
}
Event: 78.755 GC heap after
{Heap after GC invocations=22 (full 1):
 garbage-first heap   total 116736K, used 28632K [0x0000000705000000, 0x0000000800000000)
  region size 2048K, 0 young (0K), 0 survivors (0K)
 Metaspace       used 74488K, committed 75328K, reserved 1114112K
  class space    used 10453K, committed 10880K, reserved 1048576K
}
Event: 79.527 GC heap before
{Heap before GC invocations=22 (full 1):
 garbage-first heap   total 116736K, used 96216K [0x0000000705000000, 0x0000000800000000)
  region size 2048K, 34 young (69632K), 0 survivors (0K)
 Metaspace       used 74720K, committed 75520K, reserved 1114112K
  class space    used 10474K, committed 10880K, reserved 1048576K
}
Event: 79.532 GC heap after
{Heap after GC invocations=23 (full 1):
 garbage-first heap   total 116736K, used 34283K [0x0000000705000000, 0x0000000800000000)
  region size 2048K, 3 young (6144K), 3 survivors (6144K)
 Metaspace       used 74720K, committed 75520K, reserved 1114112K
  class space    used 10474K, committed 10880K, reserved 1048576K
}
Event: 89.233 GC heap before
{Heap before GC invocations=24 (full 1):
 garbage-first heap   total 116736K, used 42475K [0x0000000705000000, 0x0000000800000000)
  region size 2048K, 8 young (16384K), 3 survivors (6144K)
 Metaspace       used 74735K, committed 75584K, reserved 1114112K
  class space    used 10477K, committed 10880K, reserved 1048576K
}
Event: 89.271 GC heap after
{Heap after GC invocations=25 (full 2):
 garbage-first heap   total 110592K, used 27729K [0x0000000705000000, 0x0000000800000000)
  region size 2048K, 0 young (0K), 0 survivors (0K)
 Metaspace       used 74583K, committed 75584K, reserved 1114112K
  class space    used 10437K, committed 10880K, reserved 1048576K
}
Event: 90.388 GC heap before
{Heap before GC invocations=25 (full 2):
 garbage-first heap   total 110592K, used 93265K [0x0000000705000000, 0x0000000800000000)
  region size 2048K, 32 young (65536K), 0 survivors (0K)
 Metaspace       used 74815K, committed 75648K, reserved 1114112K
  class space    used 10460K, committed 10880K, reserved 1048576K
}
Event: 90.391 GC heap after
{Heap after GC invocations=26 (full 2):
 garbage-first heap   total 110592K, used 32835K [0x0000000705000000, 0x0000000800000000)
  region size 2048K, 3 young (6144K), 3 survivors (6144K)
 Metaspace       used 74815K, committed 75648K, reserved 1114112K
  class space    used 10460K, committed 10880K, reserved 1048576K
}
Event: 149.629 GC heap before
{Heap before GC invocations=26 (full 2):
 garbage-first heap   total 110592K, used 45123K [0x0000000705000000, 0x0000000800000000)
  region size 2048K, 10 young (20480K), 3 survivors (6144K)
 Metaspace       used 74827K, committed 75648K, reserved 1114112K
  class space    used 10462K, committed 10880K, reserved 1048576K
}
Event: 149.666 GC heap after
{Heap after GC invocations=27 (full 3):
 garbage-first heap   total 110592K, used 27878K [0x0000000705000000, 0x0000000800000000)
  region size 2048K, 0 young (0K), 0 survivors (0K)
 Metaspace       used 74616K, committed 75648K, reserved 1114112K
  class space    used 10406K, committed 10880K, reserved 1048576K
}
Event: 151.104 GC heap before
{Heap before GC invocations=27 (full 3):
 garbage-first heap   total 110592K, used 93414K [0x0000000705000000, 0x0000000800000000)
  region size 2048K, 32 young (65536K), 0 survivors (0K)
 Metaspace       used 74841K, committed 75776K, reserved 1114112K
  class space    used 10425K, committed 10880K, reserved 1048576K
}
Event: 151.107 GC heap after
{Heap after GC invocations=28 (full 3):
 garbage-first heap   total 110592K, used 33270K [0x0000000705000000, 0x0000000800000000)
  region size 2048K, 3 young (6144K), 3 survivors (6144K)
 Metaspace       used 74841K, committed 75776K, reserved 1114112K
  class space    used 10425K, committed 10880K, reserved 1048576K
}
Event: 432.845 GC heap before
{Heap before GC invocations=28 (full 3):
 garbage-first heap   total 110592K, used 49654K [0x0000000705000000, 0x0000000800000000)
  region size 2048K, 12 young (24576K), 3 survivors (6144K)
 Metaspace       used 74853K, committed 75776K, reserved 1114112K
  class space    used 10426K, committed 10880K, reserved 1048576K
}
Event: 432.881 GC heap after
{Heap after GC invocations=29 (full 4):
 garbage-first heap   total 110592K, used 28130K [0x0000000705000000, 0x0000000800000000)
  region size 2048K, 0 young (0K), 0 survivors (0K)
 Metaspace       used 74850K, committed 75776K, reserved 1114112K
  class space    used 10425K, committed 10880K, reserved 1048576K
}
Event: 433.545 GC heap before
{Heap before GC invocations=29 (full 4):
 garbage-first heap   total 110592K, used 93666K [0x0000000705000000, 0x0000000800000000)
  region size 2048K, 32 young (65536K), 0 survivors (0K)
 Metaspace       used 75082K, committed 75904K, reserved 1114112K
  class space    used 10446K, committed 10880K, reserved 1048576K
}
Event: 433.549 GC heap after
{Heap after GC invocations=30 (full 4):
 garbage-first heap   total 110592K, used 33400K [0x0000000705000000, 0x0000000800000000)
  region size 2048K, 3 young (6144K), 3 survivors (6144K)
 Metaspace       used 75082K, committed 75904K, reserved 1114112K
  class space    used 10446K, committed 10880K, reserved 1048576K
}

